<?xml version="1.0" encoding="UTF-8"?>
<testng-results skipped="0" failed="0" total="1" passed="1">
  <reporter-output>
    <line>
      <![CDATA[OrangeHRM - New Level of HR Management page displayed
]]>
    </line>
    <line>
      <![CDATA[UN, PWD, lgn displayed
]]>
    </line>
    <line>
      <![CDATA[OrangeHRM page displayed]]>
    </line>
  </reporter-output>
  <suite name="Suite 1" duration-ms="6596" started-at="2019-07-05T10:43:29Z" finished-at="2019-07-05T10:43:35Z">
    <groups>
    </groups>
    <test name="test 1" duration-ms="6596" started-at="2019-07-05T10:43:29Z" finished-at="2019-07-05T10:43:35Z">
      <class name="TestNGEX_Prog.TC1_TestNgEx_Parametr">
        <test-method status="PASS" signature="start()[pri:0, instance:TestNGEX_Prog.TC1_TestNgEx_Parametr@21a06946]" name="start" is-config="true" duration-ms="4175" started-at="2019-07-05T16:13:29Z" finished-at="2019-07-05T16:13:33Z">
          <reporter-output>
          </reporter-output>
        </test-method> <!-- start -->
        <test-method status="PASS" signature="execut(java.lang.String, java.lang.String)[pri:0, instance:TestNGEX_Prog.TC1_TestNgEx_Parametr@21a06946]" name="execut" duration-ms="1786" started-at="2019-07-05T16:13:33Z" finished-at="2019-07-05T16:13:35Z">
          <params>
            <param index="0">
              <value>
                <![CDATA[qaplanet1]]>
              </value>
            </param>
            <param index="1">
              <value>
                <![CDATA[lab1]]>
              </value>
            </param>
          </params>
          <reporter-output>
            <line>
              <![CDATA[OrangeHRM - New Level of HR Management page displayed
]]>
            </line>
            <line>
              <![CDATA[UN, PWD, lgn displayed
]]>
            </line>
            <line>
              <![CDATA[OrangeHRM page displayed]]>
            </line>
          </reporter-output>
        </test-method> <!-- execut -->
        <test-method status="PASS" signature="end()[pri:0, instance:TestNGEX_Prog.TC1_TestNgEx_Parametr@21a06946]" name="end" is-config="true" duration-ms="627" started-at="2019-07-05T16:13:35Z" finished-at="2019-07-05T16:13:35Z">
          <reporter-output>
          </reporter-output>
        </test-method> <!-- end -->
      </class> <!-- TestNGEX_Prog.TC1_TestNgEx_Parametr -->
    </test> <!-- test 1 -->
  </suite> <!-- Suite 1 -->
</testng-results>
